<?xml version="1.0" encoding="UTF-8" standalone="no"?>
<testsuite failures="0" name="cucumber.runtime.formatter.JUnitFormatter" skipped="0" tests="1" time="100.523033">
<testcase classname="Funcionalidade Template" name="Cenario Template" time="100.523033">
<system-out><![CDATA[Dado Precondicao............................................................passed
Quando Acao.................................................................passed
Entao Validacao.............................................................passed
]]></system-out>
</testcase>
</testsuite>
